{"D:\\myGrapes\\mygrape\\FrontEnd\\src\\assets\\Isolation_Mode.svg": {"path":"D:\\myGrapes\\mygrape\\FrontEnd\\src\\assets\\Isolation_Mode.svg","statementMap":{},"fnMap":{},"branchMap":{},"s":{},"f":{},"b":{},"meta":{"lastBranch":0,"lastFunction":0,"lastStatement":0,"seen":{}}}
,"D:\\myGrapes\\mygrape\\FrontEnd\\src\\assets\\logo.svg": {"path":"D:\\myGrapes\\mygrape\\FrontEnd\\src\\assets\\logo.svg","statementMap":{},"fnMap":{},"branchMap":{},"s":{},"f":{},"b":{},"meta":{"lastBranch":0,"lastFunction":0,"lastStatement":0,"seen":{}}}
,"D:\\myGrapes\\mygrape\\FrontEnd\\src\\assets\\DashBoardIcons\\ControlTowerDark.svg": {"path":"D:\\myGrapes\\mygrape\\FrontEnd\\src\\assets\\DashBoardIcons\\ControlTowerDark.svg","statementMap":{},"fnMap":{},"branchMap":{},"s":{},"f":{},"b":{},"meta":{"lastBranch":0,"lastFunction":0,"lastStatement":0,"seen":{}}}
,"D:\\myGrapes\\mygrape\\FrontEnd\\src\\assets\\DashBoardIcons\\ControlTowerWhite.svg": {"path":"D:\\myGrapes\\mygrape\\FrontEnd\\src\\assets\\DashBoardIcons\\ControlTowerWhite.svg","statementMap":{},"fnMap":{},"branchMap":{},"s":{},"f":{},"b":{},"meta":{"lastBranch":0,"lastFunction":0,"lastStatement":0,"seen":{}}}
,"D:\\myGrapes\\mygrape\\FrontEnd\\src\\assets\\DashBoardIcons\\DashBoardDark.svg": {"path":"D:\\myGrapes\\mygrape\\FrontEnd\\src\\assets\\DashBoardIcons\\DashBoardDark.svg","statementMap":{},"fnMap":{},"branchMap":{},"s":{},"f":{},"b":{},"meta":{"lastBranch":0,"lastFunction":0,"lastStatement":0,"seen":{}}}
,"D:\\myGrapes\\mygrape\\FrontEnd\\src\\assets\\DashBoardIcons\\DashboardWhite.svg": {"path":"D:\\myGrapes\\mygrape\\FrontEnd\\src\\assets\\DashBoardIcons\\DashboardWhite.svg","statementMap":{},"fnMap":{},"branchMap":{},"s":{},"f":{},"b":{},"meta":{"lastBranch":0,"lastFunction":0,"lastStatement":0,"seen":{}}}
,"D:\\myGrapes\\mygrape\\FrontEnd\\src\\assets\\DashBoardIcons\\DataBaseWhite.svg": {"path":"D:\\myGrapes\\mygrape\\FrontEnd\\src\\assets\\DashBoardIcons\\DataBaseWhite.svg","statementMap":{},"fnMap":{},"branchMap":{},"s":{},"f":{},"b":{},"meta":{"lastBranch":0,"lastFunction":0,"lastStatement":0,"seen":{}}}
,"D:\\myGrapes\\mygrape\\FrontEnd\\src\\assets\\DashBoardIcons\\DatabaseDark.svg": {"path":"D:\\myGrapes\\mygrape\\FrontEnd\\src\\assets\\DashBoardIcons\\DatabaseDark.svg","statementMap":{},"fnMap":{},"branchMap":{},"s":{},"f":{},"b":{},"meta":{"lastBranch":0,"lastFunction":0,"lastStatement":0,"seen":{}}}
,"D:\\myGrapes\\mygrape\\FrontEnd\\src\\assets\\DashBoardIcons\\Logout.svg": {"path":"D:\\myGrapes\\mygrape\\FrontEnd\\src\\assets\\DashBoardIcons\\Logout.svg","statementMap":{},"fnMap":{},"branchMap":{},"s":{},"f":{},"b":{},"meta":{"lastBranch":0,"lastFunction":0,"lastStatement":0,"seen":{}}}
,"D:\\myGrapes\\mygrape\\FrontEnd\\src\\components\\AuthRedirect.tsx": {"path":"D:\\myGrapes\\mygrape\\FrontEnd\\src\\components\\AuthRedirect.tsx","statementMap":{"0":{"start":{"line":5,"column":38},"end":{"line":29,"column":null}},"1":{"start":{"line":6,"column":47},"end":{"line":6,"column":null}},"2":{"start":{"line":9,"column":2},"end":{"line":15,"column":null}},"3":{"start":{"line":10,"column":4},"end":{"line":13,"column":null}},"4":{"start":{"line":18,"column":2},"end":{"line":25,"column":null}},"5":{"start":{"line":20,"column":4},"end":{"line":22,"column":null}},"6":{"start":{"line":21,"column":6},"end":{"line":21,"column":null}},"7":{"start":{"line":24,"column":4},"end":{"line":24,"column":null}},"8":{"start":{"line":28,"column":2},"end":{"line":28,"column":null}}},"fnMap":{"0":{"name":"(anonymous_0)","decl":{"start":{"line":5,"column":38},"end":{"line":5,"column":44}},"loc":{"start":{"line":5,"column":44},"end":{"line":29,"column":null}},"line":5}},"branchMap":{"0":{"loc":{"start":{"line":9,"column":2},"end":{"line":15,"column":null}},"type":"if","locations":[{"start":{"line":9,"column":2},"end":{"line":15,"column":null}},{"start":{},"end":{}}],"line":9},"1":{"loc":{"start":{"line":18,"column":2},"end":{"line":25,"column":null}},"type":"if","locations":[{"start":{"line":18,"column":2},"end":{"line":25,"column":null}},{"start":{},"end":{}}],"line":18},"2":{"loc":{"start":{"line":20,"column":4},"end":{"line":22,"column":null}},"type":"if","locations":[{"start":{"line":20,"column":4},"end":{"line":22,"column":null}},{"start":{},"end":{}}],"line":20}},"s":{"0":1,"1":10,"2":10,"3":5,"4":5,"5":3,"6":1,"7":2,"8":2},"f":{"0":10},"b":{"0":[5,5],"1":[3,2],"2":[1,2]},"meta":{"lastBranch":3,"lastFunction":1,"lastStatement":9,"seen":{"s:5:38:29:Infinity":0,"f:5:38:5:44":0,"s:6:47:6:Infinity":1,"b:9:2:15:Infinity:undefined:undefined:undefined:undefined":0,"s:9:2:15:Infinity":2,"s:10:4:13:Infinity":3,"b:18:2:25:Infinity:undefined:undefined:undefined:undefined":1,"s:18:2:25:Infinity":4,"b:20:4:22:Infinity:undefined:undefined:undefined:undefined":2,"s:20:4:22:Infinity":5,"s:21:6:21:Infinity":6,"s:24:4:24:Infinity":7,"s:28:2:28:Infinity":8}}}
,"D:\\myGrapes\\mygrape\\FrontEnd\\src\\components\\RoleBasedRoute.tsx": {"path":"D:\\myGrapes\\mygrape\\FrontEnd\\src\\components\\RoleBasedRoute.tsx","statementMap":{"0":{"start":{"line":11,"column":61},"end":{"line":74,"column":null}},"1":{"start":{"line":16,"column":47},"end":{"line":16,"column":null}},"2":{"start":{"line":19,"column":2},"end":{"line":25,"column":null}},"3":{"start":{"line":20,"column":4},"end":{"line":23,"column":null}},"4":{"start":{"line":28,"column":2},"end":{"line":30,"column":null}},"5":{"start":{"line":29,"column":4},"end":{"line":29,"column":null}},"6":{"start":{"line":33,"column":2},"end":{"line":50,"column":null}},"7":{"start":{"line":34,"column":4},"end":{"line":48,"column":null}},"8":{"start":{"line":42,"column":27},"end":{"line":42,"column":null}},"9":{"start":{"line":53,"column":2},"end":{"line":70,"column":null}},"10":{"start":{"line":54,"column":4},"end":{"line":68,"column":null}},"11":{"start":{"line":62,"column":27},"end":{"line":62,"column":null}},"12":{"start":{"line":73,"column":2},"end":{"line":73,"column":null}}},"fnMap":{"0":{"name":"(anonymous_0)","decl":{"start":{"line":11,"column":61},"end":{"line":11,"column":62}},"loc":{"start":{"line":15,"column":6},"end":{"line":74,"column":null}},"line":15},"1":{"name":"(anonymous_1)","decl":{"start":{"line":42,"column":21},"end":{"line":42,"column":27}},"loc":{"start":{"line":42,"column":27},"end":{"line":42,"column":null}},"line":42},"2":{"name":"(anonymous_2)","decl":{"start":{"line":62,"column":21},"end":{"line":62,"column":27}},"loc":{"start":{"line":62,"column":27},"end":{"line":62,"column":null}},"line":62}},"branchMap":{"0":{"loc":{"start":{"line":19,"column":2},"end":{"line":25,"column":null}},"type":"if","locations":[{"start":{"line":19,"column":2},"end":{"line":25,"column":null}},{"start":{},"end":{}}],"line":19},"1":{"loc":{"start":{"line":28,"column":2},"end":{"line":30,"column":null}},"type":"if","locations":[{"start":{"line":28,"column":2},"end":{"line":30,"column":null}},{"start":{},"end":{}}],"line":28},"2":{"loc":{"start":{"line":33,"column":2},"end":{"line":50,"column":null}},"type":"if","locations":[{"start":{"line":33,"column":2},"end":{"line":50,"column":null}},{"start":{},"end":{}}],"line":33},"3":{"loc":{"start":{"line":33,"column":6},"end":{"line":33,"column":73}},"type":"binary-expr","locations":[{"start":{"line":33,"column":6},"end":{"line":33,"column":25}},{"start":{"line":33,"column":25},"end":{"line":33,"column":37}},{"start":{"line":33,"column":37},"end":{"line":33,"column":73}}],"line":33},"4":{"loc":{"start":{"line":53,"column":2},"end":{"line":70,"column":null}},"type":"if","locations":[{"start":{"line":53,"column":2},"end":{"line":70,"column":null}},{"start":{},"end":{}}],"line":53},"5":{"loc":{"start":{"line":53,"column":6},"end":{"line":53,"column":68}},"type":"binary-expr","locations":[{"start":{"line":53,"column":6},"end":{"line":53,"column":22}},{"start":{"line":53,"column":22},"end":{"line":53,"column":34}},{"start":{"line":53,"column":34},"end":{"line":53,"column":68}}],"line":53}},"s":{"0":1,"1":20,"2":20,"3":10,"4":10,"5":2,"6":8,"7":2,"8":0,"9":6,"10":3,"11":1,"12":3},"f":{"0":20,"1":0,"2":1},"b":{"0":[10,10],"1":[2,8],"2":[2,6],"3":[8,3,3],"4":[3,3],"5":[6,4,4]},"meta":{"lastBranch":6,"lastFunction":3,"lastStatement":13,"seen":{"s:11:61:74:Infinity":0,"f:11:61:11:62":0,"s:16:47:16:Infinity":1,"b:19:2:25:Infinity:undefined:undefined:undefined:undefined":0,"s:19:2:25:Infinity":2,"s:20:4:23:Infinity":3,"b:28:2:30:Infinity:undefined:undefined:undefined:undefined":1,"s:28:2:30:Infinity":4,"s:29:4:29:Infinity":5,"b:33:2:50:Infinity:undefined:undefined:undefined:undefined":2,"s:33:2:50:Infinity":6,"b:33:6:33:25:33:25:33:37:33:37:33:73":3,"s:34:4:48:Infinity":7,"f:42:21:42:27":1,"s:42:27:42:Infinity":8,"b:53:2:70:Infinity:undefined:undefined:undefined:undefined":4,"s:53:2:70:Infinity":9,"b:53:6:53:22:53:22:53:34:53:34:53:68":5,"s:54:4:68:Infinity":10,"f:62:21:62:27":2,"s:62:27:62:Infinity":11,"s:73:2:73:Infinity":12}}}
,"D:\\myGrapes\\mygrape\\FrontEnd\\src\\components\\Sidebar.tsx": {"path":"D:\\myGrapes\\mygrape\\FrontEnd\\src\\components\\Sidebar.tsx","statementMap":{"0":{"start":{"line":19,"column":23},"end":{"line":116,"column":null}},"1":{"start":{"line":20,"column":40},"end":{"line":20,"column":null}},"2":{"start":{"line":21,"column":8},"end":{"line":21,"column":null}},"3":{"start":{"line":22,"column":8},"end":{"line":22,"column":null}},"4":{"start":{"line":24,"column":2},"end":{"line":28,"column":null}},"5":{"start":{"line":25,"column":25},"end":{"line":25,"column":null}},"6":{"start":{"line":25,"column":31},"end":{"line":25,"column":null}},"7":{"start":{"line":26,"column":4},"end":{"line":26,"column":null}},"8":{"start":{"line":27,"column":4},"end":{"line":27,"column":null}},"9":{"start":{"line":27,"column":17},"end":{"line":27,"column":null}},"10":{"start":{"line":30,"column":26},"end":{"line":34,"column":null}},"11":{"start":{"line":36,"column":27},"end":{"line":38,"column":null}},"12":{"start":{"line":37,"column":4},"end":{"line":37,"column":null}},"13":{"start":{"line":40,"column":2},"end":{"line":114,"column":null}},"14":{"start":{"line":69,"column":27},"end":{"line":69,"column":null}},"15":{"start":{"line":70,"column":16},"end":{"line":81,"column":null}},"16":{"start":{"line":71,"column":12},"end":{"line":73,"column":null}},"17":{"start":{"line":72,"column":14},"end":{"line":72,"column":null}},"18":{"start":{"line":74,"column":12},"end":{"line":76,"column":null}},"19":{"start":{"line":75,"column":14},"end":{"line":75,"column":null}},"20":{"start":{"line":77,"column":12},"end":{"line":79,"column":null}},"21":{"start":{"line":78,"column":14},"end":{"line":78,"column":null}},"22":{"start":{"line":80,"column":12},"end":{"line":80,"column":null}},"23":{"start":{"line":82,"column":10},"end":{"line":98,"column":null}},"24":{"start":{"line":85,"column":29},"end":{"line":85,"column":null}}},"fnMap":{"0":{"name":"(anonymous_0)","decl":{"start":{"line":19,"column":23},"end":{"line":19,"column":24}},"loc":{"start":{"line":19,"column":55},"end":{"line":116,"column":null}},"line":19},"1":{"name":"(anonymous_1)","decl":{"start":{"line":24,"column":12},"end":{"line":24,"column":18}},"loc":{"start":{"line":24,"column":18},"end":{"line":28,"column":5}},"line":24},"2":{"name":"(anonymous_2)","decl":{"start":{"line":25,"column":25},"end":{"line":25,"column":31}},"loc":{"start":{"line":25,"column":31},"end":{"line":25,"column":null}},"line":25},"3":{"name":"(anonymous_3)","decl":{"start":{"line":27,"column":11},"end":{"line":27,"column":17}},"loc":{"start":{"line":27,"column":17},"end":{"line":27,"column":null}},"line":27},"4":{"name":"(anonymous_4)","decl":{"start":{"line":36,"column":27},"end":{"line":36,"column":28}},"loc":{"start":{"line":36,"column":45},"end":{"line":38,"column":null}},"line":36},"5":{"name":"(anonymous_5)","decl":{"start":{"line":68,"column":29},"end":{"line":68,"column":30}},"loc":{"start":{"line":68,"column":46},"end":{"line":100,"column":9}},"line":68},"6":{"name":"(anonymous_6)","decl":{"start":{"line":70,"column":27},"end":{"line":70,"column":33}},"loc":{"start":{"line":70,"column":33},"end":{"line":81,"column":13}},"line":70},"7":{"name":"(anonymous_7)","decl":{"start":{"line":85,"column":23},"end":{"line":85,"column":29}},"loc":{"start":{"line":85,"column":29},"end":{"line":85,"column":null}},"line":85}},"branchMap":{"0":{"loc":{"start":{"line":71,"column":12},"end":{"line":73,"column":null}},"type":"if","locations":[{"start":{"line":71,"column":12},"end":{"line":73,"column":null}},{"start":{},"end":{}}],"line":71},"1":{"loc":{"start":{"line":72,"column":21},"end":{"line":72,"column":null}},"type":"cond-expr","locations":[{"start":{"line":72,"column":32},"end":{"line":72,"column":52}},{"start":{"line":72,"column":52},"end":{"line":72,"column":null}}],"line":72},"2":{"loc":{"start":{"line":74,"column":12},"end":{"line":76,"column":null}},"type":"if","locations":[{"start":{"line":74,"column":12},"end":{"line":76,"column":null}},{"start":{},"end":{}}],"line":74},"3":{"loc":{"start":{"line":75,"column":21},"end":{"line":75,"column":null}},"type":"cond-expr","locations":[{"start":{"line":75,"column":32},"end":{"line":75,"column":51}},{"start":{"line":75,"column":51},"end":{"line":75,"column":null}}],"line":75},"4":{"loc":{"start":{"line":77,"column":12},"end":{"line":79,"column":null}},"type":"if","locations":[{"start":{"line":77,"column":12},"end":{"line":79,"column":null}},{"start":{},"end":{}}],"line":77},"5":{"loc":{"start":{"line":78,"column":21},"end":{"line":78,"column":null}},"type":"cond-expr","locations":[{"start":{"line":78,"column":32},"end":{"line":78,"column":55}},{"start":{"line":78,"column":55},"end":{"line":78,"column":null}}],"line":78},"6":{"loc":{"start":{"line":87,"column":16},"end":{"line":87,"column":null}},"type":"cond-expr","locations":[{"start":{"line":87,"column":27},"end":{"line":87,"column":40}},{"start":{"line":87,"column":40},"end":{"line":87,"column":null}}],"line":87},"7":{"loc":{"start":{"line":93,"column":18},"end":{"line":93,"column":null}},"type":"cond-expr","locations":[{"start":{"line":93,"column":29},"end":{"line":93,"column":48}},{"start":{"line":93,"column":48},"end":{"line":93,"column":null}}],"line":93}},"s":{"0":1,"1":33,"2":33,"3":33,"4":33,"5":27,"6":3,"7":27,"8":27,"9":27,"10":33,"11":33,"12":3,"13":33,"14":99,"15":99,"16":99,"17":33,"18":66,"19":33,"20":33,"21":33,"22":0,"23":99,"24":3},"f":{"0":33,"1":27,"2":3,"3":27,"4":3,"5":99,"6":99,"7":3},"b":{"0":[33,66],"1":[3,30],"2":[33,33],"3":[3,30],"4":[33,0],"5":[3,30],"6":[9,90],"7":[9,90]},"meta":{"lastBranch":8,"lastFunction":8,"lastStatement":25,"seen":{"s:19:23:116:Infinity":0,"f:19:23:19:24":0,"s:20:40:20:Infinity":1,"s:21:8:21:Infinity":2,"s:22:8:22:Infinity":3,"s:24:2:28:Infinity":4,"f:24:12:24:18":1,"s:25:25:25:Infinity":5,"f:25:25:25:31":2,"s:25:31:25:Infinity":6,"s:26:4:26:Infinity":7,"s:27:4:27:Infinity":8,"f:27:11:27:17":3,"s:27:17:27:Infinity":9,"s:30:26:34:Infinity":10,"s:36:27:38:Infinity":11,"f:36:27:36:28":4,"s:37:4:37:Infinity":12,"s:40:2:114:Infinity":13,"f:68:29:68:30":5,"s:69:27:69:Infinity":14,"s:70:16:81:Infinity":15,"f:70:27:70:33":6,"b:71:12:73:Infinity:undefined:undefined:undefined:undefined":0,"s:71:12:73:Infinity":16,"s:72:14:72:Infinity":17,"b:72:32:72:52:72:52:72:Infinity":1,"b:74:12:76:Infinity:undefined:undefined:undefined:undefined":2,"s:74:12:76:Infinity":18,"s:75:14:75:Infinity":19,"b:75:32:75:51:75:51:75:Infinity":3,"b:77:12:79:Infinity:undefined:undefined:undefined:undefined":4,"s:77:12:79:Infinity":20,"s:78:14:78:Infinity":21,"b:78:32:78:55:78:55:78:Infinity":5,"s:80:12:80:Infinity":22,"s:82:10:98:Infinity":23,"f:85:23:85:29":7,"s:85:29:85:Infinity":24,"b:87:27:87:40:87:40:87:Infinity":6,"b:93:29:93:48:93:48:93:Infinity":7}}}
,"D:\\myGrapes\\mygrape\\FrontEnd\\src\\components\\Header\\index.tsx": {"path":"D:\\myGrapes\\mygrape\\FrontEnd\\src\\components\\Header\\index.tsx","statementMap":{"0":{"start":{"line":14,"column":38},"end":{"line":62,"column":null}},"1":{"start":{"line":22,"column":8},"end":{"line":22,"column":null}},"2":{"start":{"line":24,"column":26},"end":{"line":30,"column":null}},"3":{"start":{"line":25,"column":4},"end":{"line":29,"column":null}},"4":{"start":{"line":26,"column":6},"end":{"line":26,"column":null}},"5":{"start":{"line":28,"column":6},"end":{"line":28,"column":null}},"6":{"start":{"line":32,"column":21},"end":{"line":32,"column":null}},"7":{"start":{"line":34,"column":2},"end":{"line":60,"column":null}}},"fnMap":{"0":{"name":"(anonymous_0)","decl":{"start":{"line":14,"column":38},"end":{"line":14,"column":39}},"loc":{"start":{"line":21,"column":6},"end":{"line":62,"column":null}},"line":21},"1":{"name":"(anonymous_1)","decl":{"start":{"line":24,"column":26},"end":{"line":24,"column":32}},"loc":{"start":{"line":24,"column":32},"end":{"line":30,"column":null}},"line":24}},"branchMap":{"0":{"loc":{"start":{"line":16,"column":2},"end":{"line":16,"column":null}},"type":"default-arg","locations":[{"start":{"line":16,"column":19},"end":{"line":16,"column":null}}],"line":16},"1":{"loc":{"start":{"line":25,"column":4},"end":{"line":29,"column":null}},"type":"if","locations":[{"start":{"line":25,"column":4},"end":{"line":29,"column":null}},{"start":{"line":27,"column":11},"end":{"line":29,"column":null}}],"line":25},"2":{"loc":{"start":{"line":32,"column":21},"end":{"line":32,"column":null}},"type":"binary-expr","locations":[{"start":{"line":32,"column":21},"end":{"line":32,"column":35}},{"start":{"line":32,"column":35},"end":{"line":32,"column":null}}],"line":32},"3":{"loc":{"start":{"line":36,"column":159},"end":{"line":36,"column":174}},"type":"binary-expr","locations":[{"start":{"line":36,"column":159},"end":{"line":36,"column":172}},{"start":{"line":36,"column":172},"end":{"line":36,"column":174}}],"line":36},"4":{"loc":{"start":{"line":40,"column":9},"end":{"line":49,"column":null}},"type":"binary-expr","locations":[{"start":{"line":40,"column":9},"end":{"line":40,"column":null}},{"start":{"line":41,"column":10},"end":{"line":49,"column":null}}],"line":40},"5":{"loc":{"start":{"line":51,"column":9},"end":{"line":53,"column":null}},"type":"cond-expr","locations":[{"start":{"line":52,"column":10},"end":{"line":52,"column":null}},{"start":{"line":53,"column":12},"end":{"line":53,"column":null}}],"line":51},"6":{"loc":{"start":{"line":55,"column":7},"end":{"line":58,"column":null}},"type":"binary-expr","locations":[{"start":{"line":55,"column":7},"end":{"line":55,"column":null}},{"start":{"line":56,"column":8},"end":{"line":58,"column":null}}],"line":55}},"s":{"0":1,"1":13,"2":13,"3":2,"4":1,"5":1,"6":13,"7":13},"f":{"0":13,"1":2},"b":{"0":[13],"1":[1,1],"2":[13,12],"3":[13,12],"4":[13,12],"5":[12,1],"6":[13,1]},"meta":{"lastBranch":7,"lastFunction":2,"lastStatement":8,"seen":{"s:14:38:62:Infinity":0,"f:14:38:14:39":0,"b:16:19:16:Infinity":0,"s:22:8:22:Infinity":1,"s:24:26:30:Infinity":2,"f:24:26:24:32":1,"b:25:4:29:Infinity:27:11:29:Infinity":1,"s:25:4:29:Infinity":3,"s:26:6:26:Infinity":4,"s:28:6:28:Infinity":5,"s:32:21:32:Infinity":6,"b:32:21:32:35:32:35:32:Infinity":2,"s:34:2:60:Infinity":7,"b:36:159:36:172:36:172:36:174":3,"b:40:9:40:Infinity:41:10:49:Infinity":4,"b:52:10:52:Infinity:53:12:53:Infinity":5,"b:55:7:55:Infinity:56:8:58:Infinity":6}}}
,"D:\\myGrapes\\mygrape\\FrontEnd\\src\\contexts\\AuthContext.tsx": {"path":"D:\\myGrapes\\mygrape\\FrontEnd\\src\\contexts\\AuthContext.tsx","statementMap":{"0":{"start":{"line":17,"column":6},"end":{"line":17,"column":null}},"1":{"start":{"line":19,"column":23},"end":{"line":25,"column":null}},"2":{"start":{"line":20,"column":8},"end":{"line":20,"column":null}},"3":{"start":{"line":21,"column":2},"end":{"line":23,"column":null}},"4":{"start":{"line":22,"column":4},"end":{"line":22,"column":null}},"5":{"start":{"line":24,"column":2},"end":{"line":24,"column":null}},"6":{"start":{"line":31,"column":57},"end":{"line":134,"column":null}},"7":{"start":{"line":32,"column":44},"end":{"line":32,"column":null}},"8":{"start":{"line":33,"column":24},"end":{"line":33,"column":null}},"9":{"start":{"line":34,"column":30},"end":{"line":34,"column":null}},"10":{"start":{"line":35,"column":32},"end":{"line":35,"column":null}},"11":{"start":{"line":36,"column":42},"end":{"line":36,"column":null}},"12":{"start":{"line":37,"column":68},"end":{"line":44,"column":null}},"13":{"start":{"line":38,"column":4},"end":{"line":43,"column":null}},"14":{"start":{"line":39,"column":21},"end":{"line":39,"column":null}},"15":{"start":{"line":40,"column":6},"end":{"line":40,"column":null}},"16":{"start":{"line":42,"column":6},"end":{"line":42,"column":null}},"17":{"start":{"line":47,"column":35},"end":{"line":60,"column":null}},"18":{"start":{"line":49,"column":4},"end":{"line":51,"column":null}},"19":{"start":{"line":50,"column":6},"end":{"line":50,"column":null}},"20":{"start":{"line":54,"column":28},"end":{"line":54,"column":null}},"21":{"start":{"line":55,"column":20},"end":{"line":57,"column":null}},"22":{"start":{"line":56,"column":6},"end":{"line":56,"column":null}},"23":{"start":{"line":59,"column":4},"end":{"line":59,"column":null}},"24":{"start":{"line":62,"column":2},"end":{"line":76,"column":null}},"25":{"start":{"line":64,"column":26},"end":{"line":64,"column":null}},"26":{"start":{"line":65,"column":25},"end":{"line":65,"column":null}},"27":{"start":{"line":66,"column":4},"end":{"line":74,"column":null}},"28":{"start":{"line":67,"column":6},"end":{"line":67,"column":null}},"29":{"start":{"line":68,"column":6},"end":{"line":68,"column":null}},"30":{"start":{"line":69,"column":6},"end":{"line":71,"column":null}},"31":{"start":{"line":70,"column":8},"end":{"line":70,"column":null}},"32":{"start":{"line":73,"column":6},"end":{"line":73,"column":null}},"33":{"start":{"line":75,"column":4},"end":{"line":75,"column":null}},"34":{"start":{"line":79,"column":2},"end":{"line":83,"column":null}},"35":{"start":{"line":80,"column":4},"end":{"line":82,"column":null}},"36":{"start":{"line":81,"column":6},"end":{"line":81,"column":null}},"37":{"start":{"line":86,"column":2},"end":{"line":92,"column":null}},"38":{"start":{"line":87,"column":4},"end":{"line":91,"column":null}},"39":{"start":{"line":88,"column":6},"end":{"line":90,"column":null}},"40":{"start":{"line":89,"column":8},"end":{"line":89,"column":null}},"41":{"start":{"line":94,"column":16},"end":{"line":106,"column":null}},"42":{"start":{"line":95,"column":4},"end":{"line":95,"column":null}},"43":{"start":{"line":96,"column":4},"end":{"line":96,"column":null}},"44":{"start":{"line":97,"column":4},"end":{"line":97,"column":null}},"45":{"start":{"line":99,"column":4},"end":{"line":102,"column":null}},"46":{"start":{"line":100,"column":6},"end":{"line":100,"column":null}},"47":{"start":{"line":101,"column":6},"end":{"line":101,"column":null}},"48":{"start":{"line":105,"column":4},"end":{"line":105,"column":null}},"49":{"start":{"line":108,"column":17},"end":{"line":120,"column":null}},"50":{"start":{"line":110,"column":4},"end":{"line":113,"column":null}},"51":{"start":{"line":111,"column":6},"end":{"line":111,"column":null}},"52":{"start":{"line":112,"column":6},"end":{"line":112,"column":null}},"53":{"start":{"line":115,"column":4},"end":{"line":115,"column":null}},"54":{"start":{"line":116,"column":4},"end":{"line":116,"column":null}},"55":{"start":{"line":117,"column":4},"end":{"line":117,"column":null}},"56":{"start":{"line":118,"column":4},"end":{"line":118,"column":null}},"57":{"start":{"line":119,"column":4},"end":{"line":119,"column":null}},"58":{"start":{"line":122,"column":33},"end":{"line":131,"column":null}},"59":{"start":{"line":133,"column":2},"end":{"line":133,"column":null}}},"fnMap":{"0":{"name":"(anonymous_0)","decl":{"start":{"line":19,"column":23},"end":{"line":19,"column":29}},"loc":{"start":{"line":19,"column":29},"end":{"line":25,"column":null}},"line":19},"1":{"name":"(anonymous_1)","decl":{"start":{"line":31,"column":57},"end":{"line":31,"column":58}},"loc":{"start":{"line":31,"column":75},"end":{"line":134,"column":null}},"line":31},"2":{"name":"(anonymous_2)","decl":{"start":{"line":37,"column":90},"end":{"line":37,"column":96}},"loc":{"start":{"line":37,"column":96},"end":{"line":44,"column":3}},"line":37},"3":{"name":"(anonymous_3)","decl":{"start":{"line":47,"column":35},"end":{"line":47,"column":36}},"loc":{"start":{"line":47,"column":68},"end":{"line":60,"column":null}},"line":47},"4":{"name":"(anonymous_4)","decl":{"start":{"line":55,"column":31},"end":{"line":55,"column":37}},"loc":{"start":{"line":55,"column":37},"end":{"line":57,"column":7}},"line":55},"5":{"name":"(anonymous_5)","decl":{"start":{"line":62,"column":12},"end":{"line":62,"column":18}},"loc":{"start":{"line":62,"column":18},"end":{"line":76,"column":5}},"line":62},"6":{"name":"(anonymous_6)","decl":{"start":{"line":79,"column":12},"end":{"line":79,"column":18}},"loc":{"start":{"line":79,"column":18},"end":{"line":83,"column":5}},"line":79},"7":{"name":"(anonymous_7)","decl":{"start":{"line":86,"column":12},"end":{"line":86,"column":18}},"loc":{"start":{"line":86,"column":18},"end":{"line":92,"column":5}},"line":86},"8":{"name":"(anonymous_8)","decl":{"start":{"line":87,"column":11},"end":{"line":87,"column":17}},"loc":{"start":{"line":87,"column":17},"end":{"line":91,"column":null}},"line":87},"9":{"name":"(anonymous_9)","decl":{"start":{"line":94,"column":16},"end":{"line":94,"column":17}},"loc":{"start":{"line":94,"column":82},"end":{"line":106,"column":null}},"line":94},"10":{"name":"(anonymous_10)","decl":{"start":{"line":108,"column":17},"end":{"line":108,"column":23}},"loc":{"start":{"line":108,"column":23},"end":{"line":120,"column":null}},"line":108}},"branchMap":{"0":{"loc":{"start":{"line":21,"column":2},"end":{"line":23,"column":null}},"type":"if","locations":[{"start":{"line":21,"column":2},"end":{"line":23,"column":null}},{"start":{},"end":{}}],"line":21},"1":{"loc":{"start":{"line":40,"column":13},"end":{"line":40,"column":null}},"type":"cond-expr","locations":[{"start":{"line":40,"column":31},"end":{"line":40,"column":52}},{"start":{"line":40,"column":52},"end":{"line":40,"column":null}}],"line":40},"2":{"loc":{"start":{"line":47,"column":36},"end":{"line":47,"column":68}},"type":"default-arg","locations":[{"start":{"line":47,"column":58},"end":{"line":47,"column":68}}],"line":47},"3":{"loc":{"start":{"line":49,"column":4},"end":{"line":51,"column":null}},"type":"if","locations":[{"start":{"line":49,"column":4},"end":{"line":51,"column":null}},{"start":{},"end":{}}],"line":49},"4":{"loc":{"start":{"line":54,"column":28},"end":{"line":54,"column":null}},"type":"cond-expr","locations":[{"start":{"line":54,"column":41},"end":{"line":54,"column":62}},{"start":{"line":54,"column":62},"end":{"line":54,"column":null}}],"line":54},"5":{"loc":{"start":{"line":66,"column":4},"end":{"line":74,"column":null}},"type":"if","locations":[{"start":{"line":66,"column":4},"end":{"line":74,"column":null}},{"start":{},"end":{}}],"line":66},"6":{"loc":{"start":{"line":69,"column":6},"end":{"line":71,"column":null}},"type":"if","locations":[{"start":{"line":69,"column":6},"end":{"line":71,"column":null}},{"start":{},"end":{}}],"line":69},"7":{"loc":{"start":{"line":88,"column":6},"end":{"line":90,"column":null}},"type":"if","locations":[{"start":{"line":88,"column":6},"end":{"line":90,"column":null}},{"start":{},"end":{}}],"line":88},"8":{"loc":{"start":{"line":94,"column":50},"end":{"line":94,"column":82}},"type":"default-arg","locations":[{"start":{"line":94,"column":72},"end":{"line":94,"column":82}}],"line":94},"9":{"loc":{"start":{"line":99,"column":4},"end":{"line":102,"column":null}},"type":"if","locations":[{"start":{"line":99,"column":4},"end":{"line":102,"column":null}},{"start":{},"end":{}}],"line":99},"10":{"loc":{"start":{"line":110,"column":4},"end":{"line":113,"column":null}},"type":"if","locations":[{"start":{"line":110,"column":4},"end":{"line":113,"column":null}},{"start":{},"end":{}}],"line":110}},"s":{"0":3,"1":3,"2":69,"3":69,"4":2,"5":66,"6":3,"7":66,"8":66,"9":66,"10":66,"11":66,"12":66,"13":27,"14":27,"15":27,"16":1,"17":66,"18":19,"19":1,"20":19,"21":19,"22":3,"23":19,"24":66,"25":27,"26":27,"27":27,"28":14,"29":14,"30":14,"31":12,"32":14,"33":27,"34":66,"35":29,"36":29,"37":66,"38":49,"39":49,"40":19,"41":66,"42":5,"43":5,"44":5,"45":5,"46":5,"47":5,"48":5,"49":66,"50":5,"51":3,"52":3,"53":5,"54":5,"55":5,"56":5,"57":5,"58":66,"59":66},"f":{"0":69,"1":66,"2":27,"3":19,"4":3,"5":27,"6":29,"7":49,"8":49,"9":5,"10":5},"b":{"0":[2,67],"1":[2,25],"2":[19],"3":[1,18],"4":[1,18],"5":[14,13],"6":[12,2],"7":[19,30],"8":[5],"9":[5,0],"10":[3,2]},"meta":{"lastBranch":11,"lastFunction":11,"lastStatement":60,"seen":{"s:17:6:17:Infinity":0,"s:19:23:25:Infinity":1,"f:19:23:19:29":0,"s:20:8:20:Infinity":2,"b:21:2:23:Infinity:undefined:undefined:undefined:undefined":0,"s:21:2:23:Infinity":3,"s:22:4:22:Infinity":4,"s:24:2:24:Infinity":5,"s:31:57:134:Infinity":6,"f:31:57:31:58":1,"s:32:44:32:Infinity":7,"s:33:24:33:Infinity":8,"s:34:30:34:Infinity":9,"s:35:32:35:Infinity":10,"s:36:42:36:Infinity":11,"s:37:68:44:Infinity":12,"f:37:90:37:96":2,"s:38:4:43:Infinity":13,"s:39:21:39:Infinity":14,"s:40:6:40:Infinity":15,"b:40:31:40:52:40:52:40:Infinity":1,"s:42:6:42:Infinity":16,"s:47:35:60:Infinity":17,"f:47:35:47:36":3,"b:47:58:47:68":2,"b:49:4:51:Infinity:undefined:undefined:undefined:undefined":3,"s:49:4:51:Infinity":18,"s:50:6:50:Infinity":19,"s:54:28:54:Infinity":20,"b:54:41:54:62:54:62:54:Infinity":4,"s:55:20:57:Infinity":21,"f:55:31:55:37":4,"s:56:6:56:Infinity":22,"s:59:4:59:Infinity":23,"s:62:2:76:Infinity":24,"f:62:12:62:18":5,"s:64:26:64:Infinity":25,"s:65:25:65:Infinity":26,"b:66:4:74:Infinity:undefined:undefined:undefined:undefined":5,"s:66:4:74:Infinity":27,"s:67:6:67:Infinity":28,"s:68:6:68:Infinity":29,"b:69:6:71:Infinity:undefined:undefined:undefined:undefined":6,"s:69:6:71:Infinity":30,"s:70:8:70:Infinity":31,"s:73:6:73:Infinity":32,"s:75:4:75:Infinity":33,"s:79:2:83:Infinity":34,"f:79:12:79:18":6,"s:80:4:82:Infinity":35,"s:81:6:81:Infinity":36,"s:86:2:92:Infinity":37,"f:86:12:86:18":7,"s:87:4:91:Infinity":38,"f:87:11:87:17":8,"b:88:6:90:Infinity:undefined:undefined:undefined:undefined":7,"s:88:6:90:Infinity":39,"s:89:8:89:Infinity":40,"s:94:16:106:Infinity":41,"f:94:16:94:17":9,"b:94:72:94:82":8,"s:95:4:95:Infinity":42,"s:96:4:96:Infinity":43,"s:97:4:97:Infinity":44,"b:99:4:102:Infinity:undefined:undefined:undefined:undefined":9,"s:99:4:102:Infinity":45,"s:100:6:100:Infinity":46,"s:101:6:101:Infinity":47,"s:105:4:105:Infinity":48,"s:108:17:120:Infinity":49,"f:108:17:108:23":10,"b:110:4:113:Infinity:undefined:undefined:undefined:undefined":10,"s:110:4:113:Infinity":50,"s:111:6:111:Infinity":51,"s:112:6:112:Infinity":52,"s:115:4:115:Infinity":53,"s:116:4:116:Infinity":54,"s:117:4:117:Infinity":55,"s:118:4:118:Infinity":56,"s:119:4:119:Infinity":57,"s:122:33:131:Infinity":58,"s:133:2:133:Infinity":59}}}
,"D:\\myGrapes\\mygrape\\FrontEnd\\src\\services\\authService.ts": {"path":"D:\\myGrapes\\mygrape\\FrontEnd\\src\\services\\authService.ts","statementMap":{"0":{"start":{"line":46,"column":21},"end":{"line":49,"column":null}},"1":{"start":{"line":52,"column":4},"end":{"line":54,"column":null}},"2":{"start":{"line":53,"column":6},"end":{"line":53,"column":null}},"3":{"start":{"line":56,"column":4},"end":{"line":56,"column":null}},"4":{"start":{"line":63,"column":4},"end":{"line":66,"column":null}},"5":{"start":{"line":73,"column":21},"end":{"line":76,"column":null}},"6":{"start":{"line":79,"column":4},"end":{"line":81,"column":null}},"7":{"start":{"line":80,"column":6},"end":{"line":80,"column":null}},"8":{"start":{"line":83,"column":4},"end":{"line":83,"column":null}},"9":{"start":{"line":90,"column":4},"end":{"line":93,"column":null}},"10":{"start":{"line":100,"column":4},"end":{"line":103,"column":null}},"11":{"start":{"line":110,"column":4},"end":{"line":117,"column":null}},"12":{"start":{"line":124,"column":4},"end":{"line":124,"column":null}},"13":{"start":{"line":126,"column":4},"end":{"line":131,"column":null}},"14":{"start":{"line":127,"column":6},"end":{"line":127,"column":null}},"15":{"start":{"line":128,"column":6},"end":{"line":128,"column":null}},"16":{"start":{"line":138,"column":4},"end":{"line":138,"column":null}},"17":{"start":{"line":145,"column":4},"end":{"line":149,"column":null}},"18":{"start":{"line":146,"column":6},"end":{"line":146,"column":null}},"19":{"start":{"line":148,"column":6},"end":{"line":148,"column":null}},"20":{"start":{"line":156,"column":4},"end":{"line":167,"column":null}},"21":{"start":{"line":157,"column":6},"end":{"line":164,"column":null}},"22":{"start":{"line":160,"column":32},"end":{"line":160,"column":null}},"23":{"start":{"line":161,"column":23},"end":{"line":161,"column":null}},"24":{"start":{"line":163,"column":8},"end":{"line":163,"column":null}},"25":{"start":{"line":174,"column":4},"end":{"line":180,"column":null}},"26":{"start":{"line":175,"column":6},"end":{"line":177,"column":null}},"27":{"start":{"line":176,"column":8},"end":{"line":176,"column":null}},"28":{"start":{"line":187,"column":4},"end":{"line":187,"column":null}},"29":{"start":{"line":192,"column":27},"end":{"line":192,"column":null}}},"fnMap":{"0":{"name":"(anonymous_0)","decl":{"start":{"line":45,"column":8},"end":{"line":45,"column":14}},"loc":{"start":{"line":45,"column":68},"end":{"line":57,"column":null}},"line":45},"1":{"name":"(anonymous_1)","decl":{"start":{"line":62,"column":8},"end":{"line":62,"column":17}},"loc":{"start":{"line":62,"column":60},"end":{"line":67,"column":null}},"line":62},"2":{"name":"(anonymous_2)","decl":{"start":{"line":72,"column":8},"end":{"line":72,"column":18}},"loc":{"start":{"line":72,"column":56},"end":{"line":84,"column":null}},"line":72},"3":{"name":"(anonymous_3)","decl":{"start":{"line":89,"column":8},"end":{"line":89,"column":18}},"loc":{"start":{"line":89,"column":64},"end":{"line":94,"column":null}},"line":89},"4":{"name":"(anonymous_4)","decl":{"start":{"line":99,"column":8},"end":{"line":99,"column":23}},"loc":{"start":{"line":99,"column":68},"end":{"line":104,"column":null}},"line":99},"5":{"name":"(anonymous_5)","decl":{"start":{"line":109,"column":8},"end":{"line":109,"column":22}},"loc":{"start":{"line":109,"column":113},"end":{"line":118,"column":null}},"line":109},"6":{"name":"(anonymous_6)","decl":{"start":{"line":123,"column":2},"end":{"line":123,"column":17}},"loc":{"start":{"line":123,"column":17},"end":{"line":132,"column":null}},"line":123},"7":{"name":"(anonymous_7)","decl":{"start":{"line":137,"column":2},"end":{"line":137,"column":29}},"loc":{"start":{"line":137,"column":29},"end":{"line":139,"column":null}},"line":137},"8":{"name":"(anonymous_8)","decl":{"start":{"line":144,"column":2},"end":{"line":144,"column":36}},"loc":{"start":{"line":144,"column":36},"end":{"line":150,"column":null}},"line":144},"9":{"name":"(anonymous_9)","decl":{"start":{"line":155,"column":10},"end":{"line":155,"column":23}},"loc":{"start":{"line":155,"column":73},"end":{"line":168,"column":null}},"line":155},"10":{"name":"(anonymous_10)","decl":{"start":{"line":173,"column":10},"end":{"line":173,"column":33}},"loc":{"start":{"line":173,"column":33},"end":{"line":181,"column":null}},"line":173},"11":{"name":"(anonymous_11)","decl":{"start":{"line":186,"column":2},"end":{"line":186,"column":32}},"loc":{"start":{"line":186,"column":32},"end":{"line":188,"column":null}},"line":186}},"branchMap":{"0":{"loc":{"start":{"line":52,"column":4},"end":{"line":54,"column":null}},"type":"if","locations":[{"start":{"line":52,"column":4},"end":{"line":54,"column":null}},{"start":{},"end":{}}],"line":52},"1":{"loc":{"start":{"line":53,"column":40},"end":{"line":53,"column":72}},"type":"binary-expr","locations":[{"start":{"line":53,"column":40},"end":{"line":53,"column":67}},{"start":{"line":53,"column":67},"end":{"line":53,"column":72}}],"line":53},"2":{"loc":{"start":{"line":79,"column":4},"end":{"line":81,"column":null}},"type":"if","locations":[{"start":{"line":79,"column":4},"end":{"line":81,"column":null}},{"start":{},"end":{}}],"line":79},"3":{"loc":{"start":{"line":155,"column":38},"end":{"line":155,"column":73}},"type":"default-arg","locations":[{"start":{"line":155,"column":60},"end":{"line":155,"column":73}}],"line":155},"4":{"loc":{"start":{"line":157,"column":6},"end":{"line":164,"column":null}},"type":"if","locations":[{"start":{"line":157,"column":6},"end":{"line":164,"column":null}},{"start":{},"end":{}}],"line":157},"5":{"loc":{"start":{"line":160,"column":32},"end":{"line":160,"column":null}},"type":"cond-expr","locations":[{"start":{"line":160,"column":45},"end":{"line":160,"column":49}},{"start":{"line":160,"column":49},"end":{"line":160,"column":null}}],"line":160},"6":{"loc":{"start":{"line":175,"column":6},"end":{"line":177,"column":null}},"type":"if","locations":[{"start":{"line":175,"column":6},"end":{"line":177,"column":null}},{"start":{},"end":{}}],"line":175},"7":{"loc":{"start":{"line":187,"column":11},"end":{"line":187,"column":null}},"type":"binary-expr","locations":[{"start":{"line":187,"column":11},"end":{"line":187,"column":35}},{"start":{"line":187,"column":35},"end":{"line":187,"column":null}}],"line":187}},"s":{"0":3,"1":3,"2":2,"3":3,"4":1,"5":2,"6":2,"7":1,"8":2,"9":1,"10":1,"11":1,"12":2,"13":2,"14":2,"15":2,"16":2,"17":3,"18":3,"19":1,"20":2,"21":2,"22":2,"23":2,"24":2,"25":0,"26":0,"27":0,"28":2,"29":1},"f":{"0":3,"1":1,"2":2,"3":1,"4":1,"5":1,"6":2,"7":2,"8":3,"9":2,"10":0,"11":2},"b":{"0":[2,1],"1":[2,1],"2":[1,1],"3":[2],"4":[2,0],"5":[1,1],"6":[0,0],"7":[2,1]},"meta":{"lastBranch":8,"lastFunction":12,"lastStatement":30,"seen":{"f:45:8:45:14":0,"s:46:21:49:Infinity":0,"b:52:4:54:Infinity:undefined:undefined:undefined:undefined":0,"s:52:4:54:Infinity":1,"s:53:6:53:Infinity":2,"b:53:40:53:67:53:67:53:72":1,"s:56:4:56:Infinity":3,"f:62:8:62:17":1,"s:63:4:66:Infinity":4,"f:72:8:72:18":2,"s:73:21:76:Infinity":5,"b:79:4:81:Infinity:undefined:undefined:undefined:undefined":2,"s:79:4:81:Infinity":6,"s:80:6:80:Infinity":7,"s:83:4:83:Infinity":8,"f:89:8:89:18":3,"s:90:4:93:Infinity":9,"f:99:8:99:23":4,"s:100:4:103:Infinity":10,"f:109:8:109:22":5,"s:110:4:117:Infinity":11,"f:123:2:123:17":6,"s:124:4:124:Infinity":12,"s:126:4:131:Infinity":13,"s:127:6:127:Infinity":14,"s:128:6:128:Infinity":15,"f:137:2:137:29":7,"s:138:4:138:Infinity":16,"f:144:2:144:36":8,"s:145:4:149:Infinity":17,"s:146:6:146:Infinity":18,"s:148:6:148:Infinity":19,"f:155:10:155:23":9,"b:155:60:155:73":3,"s:156:4:167:Infinity":20,"b:157:6:164:Infinity:undefined:undefined:undefined:undefined":4,"s:157:6:164:Infinity":21,"s:160:32:160:Infinity":22,"b:160:45:160:49:160:49:160:Infinity":5,"s:161:23:161:Infinity":23,"s:163:8:163:Infinity":24,"f:173:10:173:33":10,"s:174:4:180:Infinity":25,"b:175:6:177:Infinity:undefined:undefined:undefined:undefined":6,"s:175:6:177:Infinity":26,"s:176:8:176:Infinity":27,"f:186:2:186:32":11,"s:187:4:187:Infinity":28,"b:187:11:187:35:187:35:187:Infinity":7,"s:192:27:192:Infinity":29}}}
,"D:\\myGrapes\\mygrape\\FrontEnd\\src\\services\\baseApiService.ts": {"path":"D:\\myGrapes\\mygrape\\FrontEnd\\src\\services\\baseApiService.ts","statementMap":{"0":{"start":{"line":24,"column":52},"end":{"line":24,"column":null}},"1":{"start":{"line":28,"column":24},"end":{"line":28,"column":null}},"2":{"start":{"line":29,"column":4},"end":{"line":29,"column":null}},"3":{"start":{"line":30,"column":4},"end":{"line":30,"column":null}},"4":{"start":{"line":37,"column":18},"end":{"line":37,"column":null}},"5":{"start":{"line":38,"column":44},"end":{"line":38,"column":null}},"6":{"start":{"line":39,"column":4},"end":{"line":41,"column":null}},"7":{"start":{"line":40,"column":6},"end":{"line":40,"column":null}},"8":{"start":{"line":42,"column":4},"end":{"line":42,"column":null}},"9":{"start":{"line":52,"column":16},"end":{"line":52,"column":null}},"10":{"start":{"line":53,"column":21},"end":{"line":53,"column":null}},"11":{"start":{"line":56,"column":4},"end":{"line":58,"column":null}},"12":{"start":{"line":57,"column":6},"end":{"line":57,"column":null}},"13":{"start":{"line":60,"column":20},"end":{"line":64,"column":null}},"14":{"start":{"line":66,"column":10},"end":{"line":118,"column":null}},"15":{"start":{"line":67,"column":6},"end":{"line":117,"column":null}},"16":{"start":{"line":68,"column":25},"end":{"line":72,"column":null}},"17":{"start":{"line":74,"column":8},"end":{"line":111,"column":null}},"18":{"start":{"line":77,"column":10},"end":{"line":90,"column":null}},"19":{"start":{"line":78,"column":12},"end":{"line":78,"column":null}},"20":{"start":{"line":80,"column":12},"end":{"line":85,"column":null}},"21":{"start":{"line":81,"column":14},"end":{"line":81,"column":null}},"22":{"start":{"line":82,"column":14},"end":{"line":82,"column":null}},"23":{"start":{"line":87,"column":12},"end":{"line":89,"column":null}},"24":{"start":{"line":88,"column":14},"end":{"line":88,"column":null}},"25":{"start":{"line":92,"column":28},"end":{"line":92,"column":null}},"26":{"start":{"line":93,"column":29},"end":{"line":93,"column":null}},"27":{"start":{"line":95,"column":10},"end":{"line":108,"column":null}},"28":{"start":{"line":97,"column":30},"end":{"line":97,"column":null}},"29":{"start":{"line":98,"column":12},"end":{"line":104,"column":null}},"30":{"start":{"line":99,"column":14},"end":{"line":99,"column":null}},"31":{"start":{"line":100,"column":12},"end":{"line":104,"column":null}},"32":{"start":{"line":101,"column":14},"end":{"line":101,"column":null}},"33":{"start":{"line":103,"column":14},"end":{"line":103,"column":null}},"34":{"start":{"line":107,"column":12},"end":{"line":107,"column":null}},"35":{"start":{"line":110,"column":10},"end":{"line":110,"column":null}},"36":{"start":{"line":113,"column":8},"end":{"line":113,"column":null}},"37":{"start":{"line":116,"column":8},"end":{"line":116,"column":null}},"38":{"start":{"line":121,"column":4},"end":{"line":121,"column":null}},"39":{"start":{"line":123,"column":4},"end":{"line":123,"column":null}},"40":{"start":{"line":134,"column":16},"end":{"line":134,"column":null}},"41":{"start":{"line":135,"column":20},"end":{"line":138,"column":null}},"42":{"start":{"line":140,"column":21},"end":{"line":145,"column":null}},"43":{"start":{"line":147,"column":4},"end":{"line":166,"column":null}},"44":{"start":{"line":149,"column":6},"end":{"line":162,"column":null}},"45":{"start":{"line":150,"column":8},"end":{"line":150,"column":null}},"46":{"start":{"line":152,"column":8},"end":{"line":157,"column":null}},"47":{"start":{"line":153,"column":10},"end":{"line":153,"column":null}},"48":{"start":{"line":154,"column":10},"end":{"line":154,"column":null}},"49":{"start":{"line":159,"column":8},"end":{"line":161,"column":null}},"50":{"start":{"line":160,"column":10},"end":{"line":160,"column":null}},"51":{"start":{"line":164,"column":24},"end":{"line":164,"column":null}},"52":{"start":{"line":165,"column":6},"end":{"line":165,"column":null}},"53":{"start":{"line":168,"column":4},"end":{"line":168,"column":null}},"54":{"start":{"line":178,"column":16},"end":{"line":178,"column":null}},"55":{"start":{"line":179,"column":20},"end":{"line":182,"column":null}},"56":{"start":{"line":184,"column":21},"end":{"line":188,"column":null}},"57":{"start":{"line":190,"column":4},"end":{"line":210,"column":null}},"58":{"start":{"line":191,"column":24},"end":{"line":191,"column":null}},"59":{"start":{"line":192,"column":25},"end":{"line":192,"column":null}},"60":{"start":{"line":194,"column":6},"end":{"line":207,"column":null}},"61":{"start":{"line":196,"column":26},"end":{"line":196,"column":null}},"62":{"start":{"line":197,"column":8},"end":{"line":203,"column":null}},"63":{"start":{"line":198,"column":10},"end":{"line":198,"column":null}},"64":{"start":{"line":199,"column":8},"end":{"line":203,"column":null}},"65":{"start":{"line":200,"column":10},"end":{"line":200,"column":null}},"66":{"start":{"line":202,"column":10},"end":{"line":202,"column":null}},"67":{"start":{"line":206,"column":8},"end":{"line":206,"column":null}},"68":{"start":{"line":209,"column":6},"end":{"line":209,"column":null}},"69":{"start":{"line":212,"column":4},"end":{"line":212,"column":null}},"70":{"start":{"line":219,"column":4},"end":{"line":219,"column":null}},"71":{"start":{"line":226,"column":4},"end":{"line":226,"column":null}},"72":{"start":{"line":233,"column":4},"end":{"line":233,"column":null}},"73":{"start":{"line":240,"column":4},"end":{"line":242,"column":null}},"74":{"start":{"line":249,"column":4},"end":{"line":252,"column":null}},"75":{"start":{"line":259,"column":4},"end":{"line":262,"column":null}},"76":{"start":{"line":269,"column":4},"end":{"line":271,"column":null}},"77":{"start":{"line":278,"column":4},"end":{"line":281,"column":null}}},"fnMap":{"0":{"name":"(anonymous_0)","decl":{"start":{"line":26,"column":2},"end":{"line":26,"column":16}},"loc":{"start":{"line":26,"column":16},"end":{"line":31,"column":null}},"line":26},"1":{"name":"(anonymous_1)","decl":{"start":{"line":36,"column":12},"end":{"line":36,"column":53}},"loc":{"start":{"line":36,"column":53},"end":{"line":43,"column":null}},"line":36},"2":{"name":"(anonymous_2)","decl":{"start":{"line":48,"column":18},"end":{"line":48,"column":null}},"loc":{"start":{"line":51,"column":16},"end":{"line":124,"column":null}},"line":51},"3":{"name":"(anonymous_3)","decl":{"start":{"line":66,"column":28},"end":{"line":66,"column":40}},"loc":{"start":{"line":66,"column":40},"end":{"line":118,"column":7}},"line":66},"4":{"name":"(anonymous_4)","decl":{"start":{"line":129,"column":18},"end":{"line":129,"column":null}},"loc":{"start":{"line":133,"column":16},"end":{"line":169,"column":null}},"line":133},"5":{"name":"(anonymous_5)","decl":{"start":{"line":174,"column":18},"end":{"line":174,"column":null}},"loc":{"start":{"line":177,"column":16},"end":{"line":213,"column":null}},"line":177},"6":{"name":"(anonymous_6)","decl":{"start":{"line":218,"column":2},"end":{"line":218,"column":13}},"loc":{"start":{"line":218,"column":32},"end":{"line":220,"column":null}},"line":218},"7":{"name":"(anonymous_7)","decl":{"start":{"line":225,"column":2},"end":{"line":225,"column":23}},"loc":{"start":{"line":225,"column":23},"end":{"line":227,"column":null}},"line":225},"8":{"name":"(anonymous_8)","decl":{"start":{"line":232,"column":2},"end":{"line":232,"column":14}},"loc":{"start":{"line":232,"column":38},"end":{"line":234,"column":null}},"line":232},"9":{"name":"(anonymous_9)","decl":{"start":{"line":239,"column":8},"end":{"line":239,"column":15}},"loc":{"start":{"line":239,"column":45},"end":{"line":243,"column":null}},"line":239},"10":{"name":"(anonymous_10)","decl":{"start":{"line":248,"column":8},"end":{"line":248,"column":16}},"loc":{"start":{"line":248,"column":57},"end":{"line":253,"column":null}},"line":248},"11":{"name":"(anonymous_11)","decl":{"start":{"line":258,"column":8},"end":{"line":258,"column":15}},"loc":{"start":{"line":258,"column":56},"end":{"line":263,"column":null}},"line":258},"12":{"name":"(anonymous_12)","decl":{"start":{"line":268,"column":8},"end":{"line":268,"column":18}},"loc":{"start":{"line":268,"column":48},"end":{"line":272,"column":null}},"line":268},"13":{"name":"(anonymous_13)","decl":{"start":{"line":277,"column":8},"end":{"line":277,"column":17}},"loc":{"start":{"line":277,"column":58},"end":{"line":282,"column":null}},"line":277}},"branchMap":{"0":{"loc":{"start":{"line":29,"column":19},"end":{"line":29,"column":null}},"type":"cond-expr","locations":[{"start":{"line":29,"column":62},"end":{"line":29,"column":75}},{"start":{"line":29,"column":75},"end":{"line":29,"column":null}}],"line":29},"1":{"loc":{"start":{"line":29,"column":19},"end":{"line":29,"column":62}},"type":"binary-expr","locations":[{"start":{"line":29,"column":19},"end":{"line":29,"column":33}},{"start":{"line":29,"column":33},"end":{"line":29,"column":62}}],"line":29},"2":{"loc":{"start":{"line":39,"column":4},"end":{"line":41,"column":null}},"type":"if","locations":[{"start":{"line":39,"column":4},"end":{"line":41,"column":null}},{"start":{},"end":{}}],"line":39},"3":{"loc":{"start":{"line":50,"column":4},"end":{"line":50,"column":null}},"type":"default-arg","locations":[{"start":{"line":50,"column":27},"end":{"line":50,"column":null}}],"line":50},"4":{"loc":{"start":{"line":53,"column":24},"end":{"line":53,"column":47}},"type":"binary-expr","locations":[{"start":{"line":53,"column":24},"end":{"line":53,"column":42}},{"start":{"line":53,"column":42},"end":{"line":53,"column":47}}],"line":53},"5":{"loc":{"start":{"line":56,"column":4},"end":{"line":58,"column":null}},"type":"if","locations":[{"start":{"line":56,"column":4},"end":{"line":58,"column":null}},{"start":{},"end":{}}],"line":56},"6":{"loc":{"start":{"line":74,"column":8},"end":{"line":111,"column":null}},"type":"if","locations":[{"start":{"line":74,"column":8},"end":{"line":111,"column":null}},{"start":{},"end":{}}],"line":74},"7":{"loc":{"start":{"line":77,"column":10},"end":{"line":90,"column":null}},"type":"if","locations":[{"start":{"line":77,"column":10},"end":{"line":90,"column":null}},{"start":{},"end":{}}],"line":77},"8":{"loc":{"start":{"line":77,"column":14},"end":{"line":77,"column":108}},"type":"binary-expr","locations":[{"start":{"line":77,"column":14},"end":{"line":77,"column":41}},{"start":{"line":77,"column":41},"end":{"line":77,"column":73}},{"start":{"line":77,"column":73},"end":{"line":77,"column":108}}],"line":77},"9":{"loc":{"start":{"line":87,"column":12},"end":{"line":89,"column":null}},"type":"if","locations":[{"start":{"line":87,"column":12},"end":{"line":89,"column":null}},{"start":{},"end":{}}],"line":87},"10":{"loc":{"start":{"line":98,"column":12},"end":{"line":104,"column":null}},"type":"if","locations":[{"start":{"line":98,"column":12},"end":{"line":104,"column":null}},{"start":{"line":100,"column":12},"end":{"line":104,"column":null}}],"line":98},"11":{"loc":{"start":{"line":100,"column":12},"end":{"line":104,"column":null}},"type":"if","locations":[{"start":{"line":100,"column":12},"end":{"line":104,"column":null}},{"start":{"line":102,"column":19},"end":{"line":104,"column":null}}],"line":100},"12":{"loc":{"start":{"line":132,"column":4},"end":{"line":132,"column":null}},"type":"default-arg","locations":[{"start":{"line":132,"column":27},"end":{"line":132,"column":null}}],"line":132},"13":{"loc":{"start":{"line":147,"column":4},"end":{"line":166,"column":null}},"type":"if","locations":[{"start":{"line":147,"column":4},"end":{"line":166,"column":null}},{"start":{},"end":{}}],"line":147},"14":{"loc":{"start":{"line":149,"column":6},"end":{"line":162,"column":null}},"type":"if","locations":[{"start":{"line":149,"column":6},"end":{"line":162,"column":null}},{"start":{},"end":{}}],"line":149},"15":{"loc":{"start":{"line":159,"column":8},"end":{"line":161,"column":null}},"type":"if","locations":[{"start":{"line":159,"column":8},"end":{"line":161,"column":null}},{"start":{},"end":{}}],"line":159},"16":{"loc":{"start":{"line":176,"column":4},"end":{"line":176,"column":null}},"type":"default-arg","locations":[{"start":{"line":176,"column":27},"end":{"line":176,"column":null}}],"line":176},"17":{"loc":{"start":{"line":190,"column":4},"end":{"line":210,"column":null}},"type":"if","locations":[{"start":{"line":190,"column":4},"end":{"line":210,"column":null}},{"start":{},"end":{}}],"line":190},"18":{"loc":{"start":{"line":197,"column":8},"end":{"line":203,"column":null}},"type":"if","locations":[{"start":{"line":197,"column":8},"end":{"line":203,"column":null}},{"start":{"line":199,"column":8},"end":{"line":203,"column":null}}],"line":197},"19":{"loc":{"start":{"line":199,"column":8},"end":{"line":203,"column":null}},"type":"if","locations":[{"start":{"line":199,"column":8},"end":{"line":203,"column":null}},{"start":{"line":201,"column":15},"end":{"line":203,"column":null}}],"line":199}},"s":{"0":23,"1":23,"2":23,"3":23,"4":16,"5":16,"6":16,"7":15,"8":16,"9":13,"10":13,"11":13,"12":1,"13":12,"14":12,"15":12,"16":12,"17":12,"18":4,"19":1,"20":1,"21":1,"22":1,"23":1,"24":1,"25":4,"26":4,"27":4,"28":4,"29":4,"30":1,"31":0,"32":0,"33":0,"34":3,"35":4,"36":8,"37":12,"38":12,"39":12,"40":2,"41":2,"42":2,"43":2,"44":1,"45":1,"46":1,"47":1,"48":1,"49":1,"50":1,"51":1,"52":1,"53":1,"54":2,"55":2,"56":2,"57":2,"58":1,"59":1,"60":1,"61":1,"62":1,"63":0,"64":1,"65":1,"66":0,"67":0,"68":1,"69":1,"70":1,"71":4,"72":1,"73":1,"74":1,"75":1,"76":1,"77":1},"f":{"0":23,"1":16,"2":13,"3":12,"4":2,"5":2,"6":1,"7":4,"8":1,"9":1,"10":1,"11":1,"12":1,"13":1},"b":{"0":[0,23],"1":[23,0],"2":[15,1],"3":[13],"4":[13,7],"5":[1,12],"6":[4,8],"7":[1,3],"8":[4,2,1],"9":[1,0],"10":[1,0],"11":[0,0],"12":[2],"13":[1,1],"14":[1,0],"15":[1,0],"16":[2],"17":[1,1],"18":[0,1],"19":[1,0]},"meta":{"lastBranch":20,"lastFunction":14,"lastStatement":78,"seen":{"s:24:52:24:Infinity":0,"f:26:2:26:16":0,"s:28:24:28:Infinity":1,"s:29:4:29:Infinity":2,"b:29:62:29:75:29:75:29:Infinity":0,"b:29:19:29:33:29:33:29:62":1,"s:30:4:30:Infinity":3,"f:36:12:36:53":1,"s:37:18:37:Infinity":4,"s:38:44:38:Infinity":5,"b:39:4:41:Infinity:undefined:undefined:undefined:undefined":2,"s:39:4:41:Infinity":6,"s:40:6:40:Infinity":7,"s:42:4:42:Infinity":8,"f:48:18:48:Infinity":2,"b:50:27:50:Infinity":3,"s:52:16:52:Infinity":9,"s:53:21:53:Infinity":10,"b:53:24:53:42:53:42:53:47":4,"b:56:4:58:Infinity:undefined:undefined:undefined:undefined":5,"s:56:4:58:Infinity":11,"s:57:6:57:Infinity":12,"s:60:20:64:Infinity":13,"s:66:10:118:Infinity":14,"f:66:28:66:40":3,"s:67:6:117:Infinity":15,"s:68:25:72:Infinity":16,"b:74:8:111:Infinity:undefined:undefined:undefined:undefined":6,"s:74:8:111:Infinity":17,"b:77:10:90:Infinity:undefined:undefined:undefined:undefined":7,"s:77:10:90:Infinity":18,"b:77:14:77:41:77:41:77:73:77:73:77:108":8,"s:78:12:78:Infinity":19,"s:80:12:85:Infinity":20,"s:81:14:81:Infinity":21,"s:82:14:82:Infinity":22,"b:87:12:89:Infinity:undefined:undefined:undefined:undefined":9,"s:87:12:89:Infinity":23,"s:88:14:88:Infinity":24,"s:92:28:92:Infinity":25,"s:93:29:93:Infinity":26,"s:95:10:108:Infinity":27,"s:97:30:97:Infinity":28,"b:98:12:104:Infinity:100:12:104:Infinity":10,"s:98:12:104:Infinity":29,"s:99:14:99:Infinity":30,"b:100:12:104:Infinity:102:19:104:Infinity":11,"s:100:12:104:Infinity":31,"s:101:14:101:Infinity":32,"s:103:14:103:Infinity":33,"s:107:12:107:Infinity":34,"s:110:10:110:Infinity":35,"s:113:8:113:Infinity":36,"s:116:8:116:Infinity":37,"s:121:4:121:Infinity":38,"s:123:4:123:Infinity":39,"f:129:18:129:Infinity":4,"b:132:27:132:Infinity":12,"s:134:16:134:Infinity":40,"s:135:20:138:Infinity":41,"s:140:21:145:Infinity":42,"b:147:4:166:Infinity:undefined:undefined:undefined:undefined":13,"s:147:4:166:Infinity":43,"b:149:6:162:Infinity:undefined:undefined:undefined:undefined":14,"s:149:6:162:Infinity":44,"s:150:8:150:Infinity":45,"s:152:8:157:Infinity":46,"s:153:10:153:Infinity":47,"s:154:10:154:Infinity":48,"b:159:8:161:Infinity:undefined:undefined:undefined:undefined":15,"s:159:8:161:Infinity":49,"s:160:10:160:Infinity":50,"s:164:24:164:Infinity":51,"s:165:6:165:Infinity":52,"s:168:4:168:Infinity":53,"f:174:18:174:Infinity":5,"b:176:27:176:Infinity":16,"s:178:16:178:Infinity":54,"s:179:20:182:Infinity":55,"s:184:21:188:Infinity":56,"b:190:4:210:Infinity:undefined:undefined:undefined:undefined":17,"s:190:4:210:Infinity":57,"s:191:24:191:Infinity":58,"s:192:25:192:Infinity":59,"s:194:6:207:Infinity":60,"s:196:26:196:Infinity":61,"b:197:8:203:Infinity:199:8:203:Infinity":18,"s:197:8:203:Infinity":62,"s:198:10:198:Infinity":63,"b:199:8:203:Infinity:201:15:203:Infinity":19,"s:199:8:203:Infinity":64,"s:200:10:200:Infinity":65,"s:202:10:202:Infinity":66,"s:206:8:206:Infinity":67,"s:209:6:209:Infinity":68,"s:212:4:212:Infinity":69,"f:218:2:218:13":6,"s:219:4:219:Infinity":70,"f:225:2:225:23":7,"s:226:4:226:Infinity":71,"f:232:2:232:14":8,"s:233:4:233:Infinity":72,"f:239:8:239:15":9,"s:240:4:242:Infinity":73,"f:248:8:248:16":10,"s:249:4:252:Infinity":74,"f:258:8:258:15":11,"s:259:4:262:Infinity":75,"f:268:8:268:18":12,"s:269:4:271:Infinity":76,"f:277:8:277:17":13,"s:278:4:281:Infinity":77}}}
,"D:\\myGrapes\\mygrape\\FrontEnd\\src\\utils\\fileUtils.tsx": {"path":"D:\\myGrapes\\mygrape\\FrontEnd\\src\\utils\\fileUtils.tsx","statementMap":{"0":{"start":{"line":16,"column":20},"end":{"line":16,"column":null}},"1":{"start":{"line":19,"column":2},"end":{"line":60,"column":null}},"2":{"start":{"line":20,"column":4},"end":{"line":27,"column":null}},"3":{"start":{"line":21,"column":6},"end":{"line":26,"column":null}},"4":{"start":{"line":28,"column":4},"end":{"line":35,"column":null}},"5":{"start":{"line":29,"column":6},"end":{"line":34,"column":null}},"6":{"start":{"line":36,"column":4},"end":{"line":43,"column":null}},"7":{"start":{"line":37,"column":6},"end":{"line":42,"column":null}},"8":{"start":{"line":44,"column":4},"end":{"line":51,"column":null}},"9":{"start":{"line":45,"column":6},"end":{"line":50,"column":null}},"10":{"start":{"line":52,"column":4},"end":{"line":59,"column":null}},"11":{"start":{"line":53,"column":6},"end":{"line":58,"column":null}},"12":{"start":{"line":63,"column":26},"end":{"line":63,"column":null}},"13":{"start":{"line":64,"column":29},"end":{"line":64,"column":null}},"14":{"start":{"line":65,"column":24},"end":{"line":65,"column":null}},"15":{"start":{"line":66,"column":26},"end":{"line":66,"column":null}},"16":{"start":{"line":67,"column":25},"end":{"line":67,"column":null}},"17":{"start":{"line":68,"column":28},"end":{"line":68,"column":null}},"18":{"start":{"line":70,"column":2},"end":{"line":77,"column":null}},"19":{"start":{"line":71,"column":4},"end":{"line":76,"column":null}},"20":{"start":{"line":79,"column":2},"end":{"line":86,"column":null}},"21":{"start":{"line":80,"column":4},"end":{"line":85,"column":null}},"22":{"start":{"line":88,"column":2},"end":{"line":95,"column":null}},"23":{"start":{"line":89,"column":4},"end":{"line":94,"column":null}},"24":{"start":{"line":97,"column":2},"end":{"line":104,"column":null}},"25":{"start":{"line":98,"column":4},"end":{"line":103,"column":null}},"26":{"start":{"line":106,"column":2},"end":{"line":113,"column":null}},"27":{"start":{"line":107,"column":4},"end":{"line":112,"column":null}},"28":{"start":{"line":115,"column":2},"end":{"line":122,"column":null}},"29":{"start":{"line":116,"column":4},"end":{"line":121,"column":null}},"30":{"start":{"line":124,"column":2},"end":{"line":129,"column":null}},"31":{"start":{"line":136,"column":2},"end":{"line":136,"column":null}},"32":{"start":{"line":136,"column":19},"end":{"line":136,"column":null}},"33":{"start":{"line":138,"column":12},"end":{"line":138,"column":null}},"34":{"start":{"line":139,"column":16},"end":{"line":139,"column":null}},"35":{"start":{"line":140,"column":12},"end":{"line":140,"column":null}},"36":{"start":{"line":142,"column":2},"end":{"line":142,"column":null}},"37":{"start":{"line":149,"column":19},"end":{"line":149,"column":null}},"38":{"start":{"line":150,"column":2},"end":{"line":150,"column":null}},"39":{"start":{"line":157,"column":18},"end":{"line":193,"column":null}},"40":{"start":{"line":195,"column":2},"end":{"line":195,"column":null}}},"fnMap":{"0":{"name":"getFileTypeInfo","decl":{"start":{"line":15,"column":16},"end":{"line":15,"column":32}},"loc":{"start":{"line":15,"column":83},"end":{"line":130,"column":null}},"line":15},"1":{"name":"formatFileSize","decl":{"start":{"line":135,"column":16},"end":{"line":135,"column":31}},"loc":{"start":{"line":135,"column":54},"end":{"line":143,"column":null}},"line":135},"2":{"name":"isImageFile","decl":{"start":{"line":148,"column":16},"end":{"line":148,"column":28}},"loc":{"start":{"line":148,"column":74},"end":{"line":151,"column":null}},"line":148},"3":{"name":"getFileIconComponent","decl":{"start":{"line":156,"column":16},"end":{"line":156,"column":37}},"loc":{"start":{"line":156,"column":109},"end":{"line":196,"column":null}},"line":156}},"branchMap":{"0":{"loc":{"start":{"line":16,"column":20},"end":{"line":16,"column":null}},"type":"binary-expr","locations":[{"start":{"line":16,"column":20},"end":{"line":16,"column":64}},{"start":{"line":16,"column":64},"end":{"line":16,"column":null}}],"line":16},"1":{"loc":{"start":{"line":19,"column":2},"end":{"line":60,"column":null}},"type":"if","locations":[{"start":{"line":19,"column":2},"end":{"line":60,"column":null}},{"start":{},"end":{}}],"line":19},"2":{"loc":{"start":{"line":20,"column":4},"end":{"line":27,"column":null}},"type":"if","locations":[{"start":{"line":20,"column":4},"end":{"line":27,"column":null}},{"start":{},"end":{}}],"line":20},"3":{"loc":{"start":{"line":28,"column":4},"end":{"line":35,"column":null}},"type":"if","locations":[{"start":{"line":28,"column":4},"end":{"line":35,"column":null}},{"start":{},"end":{}}],"line":28},"4":{"loc":{"start":{"line":36,"column":4},"end":{"line":43,"column":null}},"type":"if","locations":[{"start":{"line":36,"column":4},"end":{"line":43,"column":null}},{"start":{},"end":{}}],"line":36},"5":{"loc":{"start":{"line":36,"column":8},"end":{"line":36,"column":72}},"type":"binary-expr","locations":[{"start":{"line":36,"column":8},"end":{"line":36,"column":38}},{"start":{"line":36,"column":38},"end":{"line":36,"column":72}}],"line":36},"6":{"loc":{"start":{"line":44,"column":4},"end":{"line":51,"column":null}},"type":"if","locations":[{"start":{"line":44,"column":4},"end":{"line":51,"column":null}},{"start":{},"end":{}}],"line":44},"7":{"loc":{"start":{"line":52,"column":4},"end":{"line":59,"column":null}},"type":"if","locations":[{"start":{"line":52,"column":4},"end":{"line":59,"column":null}},{"start":{},"end":{}}],"line":52},"8":{"loc":{"start":{"line":52,"column":8},"end":{"line":52,"column":89}},"type":"binary-expr","locations":[{"start":{"line":52,"column":8},"end":{"line":52,"column":36}},{"start":{"line":52,"column":36},"end":{"line":52,"column":64}},{"start":{"line":52,"column":64},"end":{"line":52,"column":89}}],"line":52},"9":{"loc":{"start":{"line":70,"column":2},"end":{"line":77,"column":null}},"type":"if","locations":[{"start":{"line":70,"column":2},"end":{"line":77,"column":null}},{"start":{},"end":{}}],"line":70},"10":{"loc":{"start":{"line":73,"column":16},"end":{"line":73,"column":null}},"type":"binary-expr","locations":[{"start":{"line":73,"column":16},"end":{"line":73,"column":28}},{"start":{"line":73,"column":28},"end":{"line":73,"column":null}}],"line":73},"11":{"loc":{"start":{"line":79,"column":2},"end":{"line":86,"column":null}},"type":"if","locations":[{"start":{"line":79,"column":2},"end":{"line":86,"column":null}},{"start":{},"end":{}}],"line":79},"12":{"loc":{"start":{"line":82,"column":16},"end":{"line":82,"column":null}},"type":"binary-expr","locations":[{"start":{"line":82,"column":16},"end":{"line":82,"column":28}},{"start":{"line":82,"column":28},"end":{"line":82,"column":null}}],"line":82},"13":{"loc":{"start":{"line":88,"column":2},"end":{"line":95,"column":null}},"type":"if","locations":[{"start":{"line":88,"column":2},"end":{"line":95,"column":null}},{"start":{},"end":{}}],"line":88},"14":{"loc":{"start":{"line":97,"column":2},"end":{"line":104,"column":null}},"type":"if","locations":[{"start":{"line":97,"column":2},"end":{"line":104,"column":null}},{"start":{},"end":{}}],"line":97},"15":{"loc":{"start":{"line":100,"column":16},"end":{"line":100,"column":null}},"type":"binary-expr","locations":[{"start":{"line":100,"column":16},"end":{"line":100,"column":28}},{"start":{"line":100,"column":28},"end":{"line":100,"column":null}}],"line":100},"16":{"loc":{"start":{"line":106,"column":2},"end":{"line":113,"column":null}},"type":"if","locations":[{"start":{"line":106,"column":2},"end":{"line":113,"column":null}},{"start":{},"end":{}}],"line":106},"17":{"loc":{"start":{"line":109,"column":16},"end":{"line":109,"column":null}},"type":"binary-expr","locations":[{"start":{"line":109,"column":16},"end":{"line":109,"column":28}},{"start":{"line":109,"column":28},"end":{"line":109,"column":null}}],"line":109},"18":{"loc":{"start":{"line":115,"column":2},"end":{"line":122,"column":null}},"type":"if","locations":[{"start":{"line":115,"column":2},"end":{"line":122,"column":null}},{"start":{},"end":{}}],"line":115},"19":{"loc":{"start":{"line":118,"column":16},"end":{"line":118,"column":null}},"type":"binary-expr","locations":[{"start":{"line":118,"column":16},"end":{"line":118,"column":28}},{"start":{"line":118,"column":28},"end":{"line":118,"column":null}}],"line":118},"20":{"loc":{"start":{"line":126,"column":14},"end":{"line":126,"column":null}},"type":"binary-expr","locations":[{"start":{"line":126,"column":14},"end":{"line":126,"column":26}},{"start":{"line":126,"column":26},"end":{"line":126,"column":null}}],"line":126},"21":{"loc":{"start":{"line":136,"column":2},"end":{"line":136,"column":null}},"type":"if","locations":[{"start":{"line":136,"column":2},"end":{"line":136,"column":null}},{"start":{},"end":{}}],"line":136},"22":{"loc":{"start":{"line":156,"column":61},"end":{"line":156,"column":109}},"type":"default-arg","locations":[{"start":{"line":156,"column":81},"end":{"line":156,"column":109}}],"line":156},"23":{"loc":{"start":{"line":195,"column":9},"end":{"line":195,"column":null}},"type":"binary-expr","locations":[{"start":{"line":195,"column":9},"end":{"line":195,"column":35}},{"start":{"line":195,"column":35},"end":{"line":195,"column":null}}],"line":195}},"s":{"0":26,"1":26,"2":8,"3":4,"4":4,"5":1,"6":3,"7":1,"8":2,"9":1,"10":1,"11":1,"12":18,"13":18,"14":18,"15":18,"16":18,"17":18,"18":18,"19":5,"20":13,"21":1,"22":12,"23":2,"24":10,"25":3,"26":7,"27":3,"28":4,"29":2,"30":2,"31":12,"32":1,"33":11,"34":11,"35":11,"36":11,"37":9,"38":9,"39":8,"40":8},"f":{"0":26,"1":12,"2":9,"3":8},"b":{"0":[26,0],"1":[8,18],"2":[4,4],"3":[1,3],"4":[1,2],"5":[3,3],"6":[1,1],"7":[1,0],"8":[1,0,0],"9":[5,13],"10":[5,5],"11":[1,12],"12":[1,1],"13":[2,10],"14":[3,7],"15":[3,3],"16":[3,4],"17":[3,3],"18":[2,2],"19":[2,2],"20":[2,2],"21":[1,11],"22":[8],"23":[8,0]},"meta":{"lastBranch":24,"lastFunction":4,"lastStatement":41,"seen":{"f:15:16:15:32":0,"s:16:20:16:Infinity":0,"b:16:20:16:64:16:64:16:Infinity":0,"b:19:2:60:Infinity:undefined:undefined:undefined:undefined":1,"s:19:2:60:Infinity":1,"b:20:4:27:Infinity:undefined:undefined:undefined:undefined":2,"s:20:4:27:Infinity":2,"s:21:6:26:Infinity":3,"b:28:4:35:Infinity:undefined:undefined:undefined:undefined":3,"s:28:4:35:Infinity":4,"s:29:6:34:Infinity":5,"b:36:4:43:Infinity:undefined:undefined:undefined:undefined":4,"s:36:4:43:Infinity":6,"b:36:8:36:38:36:38:36:72":5,"s:37:6:42:Infinity":7,"b:44:4:51:Infinity:undefined:undefined:undefined:undefined":6,"s:44:4:51:Infinity":8,"s:45:6:50:Infinity":9,"b:52:4:59:Infinity:undefined:undefined:undefined:undefined":7,"s:52:4:59:Infinity":10,"b:52:8:52:36:52:36:52:64:52:64:52:89":8,"s:53:6:58:Infinity":11,"s:63:26:63:Infinity":12,"s:64:29:64:Infinity":13,"s:65:24:65:Infinity":14,"s:66:26:66:Infinity":15,"s:67:25:67:Infinity":16,"s:68:28:68:Infinity":17,"b:70:2:77:Infinity:undefined:undefined:undefined:undefined":9,"s:70:2:77:Infinity":18,"s:71:4:76:Infinity":19,"b:73:16:73:28:73:28:73:Infinity":10,"b:79:2:86:Infinity:undefined:undefined:undefined:undefined":11,"s:79:2:86:Infinity":20,"s:80:4:85:Infinity":21,"b:82:16:82:28:82:28:82:Infinity":12,"b:88:2:95:Infinity:undefined:undefined:undefined:undefined":13,"s:88:2:95:Infinity":22,"s:89:4:94:Infinity":23,"b:97:2:104:Infinity:undefined:undefined:undefined:undefined":14,"s:97:2:104:Infinity":24,"s:98:4:103:Infinity":25,"b:100:16:100:28:100:28:100:Infinity":15,"b:106:2:113:Infinity:undefined:undefined:undefined:undefined":16,"s:106:2:113:Infinity":26,"s:107:4:112:Infinity":27,"b:109:16:109:28:109:28:109:Infinity":17,"b:115:2:122:Infinity:undefined:undefined:undefined:undefined":18,"s:115:2:122:Infinity":28,"s:116:4:121:Infinity":29,"b:118:16:118:28:118:28:118:Infinity":19,"s:124:2:129:Infinity":30,"b:126:14:126:26:126:26:126:Infinity":20,"f:135:16:135:31":1,"b:136:2:136:Infinity:undefined:undefined:undefined:undefined":21,"s:136:2:136:Infinity":31,"s:136:19:136:Infinity":32,"s:138:12:138:Infinity":33,"s:139:16:139:Infinity":34,"s:140:12:140:Infinity":35,"s:142:2:142:Infinity":36,"f:148:16:148:28":2,"s:149:19:149:Infinity":37,"s:150:2:150:Infinity":38,"f:156:16:156:37":3,"b:156:81:156:109":22,"s:157:18:193:Infinity":39,"s:195:2:195:Infinity":40,"b:195:9:195:35:195:35:195:Infinity":23}}}
}
